INFO - 2024-12-25 20:26:09 --> Session: Class initialized using 'CodeIgniter\Session\Handlers\FileHandler' driver.
INFO - 2024-12-25 20:26:31 --> Session: Class initialized using 'CodeIgniter\Session\Handlers\FileHandler' driver.
INFO - 2024-12-25 20:27:06 --> Session: Class initialized using 'CodeIgniter\Session\Handlers\FileHandler' driver.
INFO - 2024-12-25 20:27:12 --> Session: Class initialized using 'CodeIgniter\Session\Handlers\FileHandler' driver.
INFO - 2024-12-25 20:27:52 --> Session: Class initialized using 'CodeIgniter\Session\Handlers\FileHandler' driver.
INFO - 2024-12-25 20:27:58 --> Session: Class initialized using 'CodeIgniter\Session\Handlers\FileHandler' driver.
ERROR - 2024-12-25 20:33:44 --> mysqli_sql_exception: Unknown column 'created_at' in 'field list' in C:\xampp\htdocs\EconMart\system\Database\MySQLi\Connection.php:310
Stack trace:
#0 C:\xampp\htdocs\EconMart\system\Database\MySQLi\Connection.php(310): mysqli->query('INSERT INTO `pr...', 0)
#1 C:\xampp\htdocs\EconMart\system\Database\BaseConnection.php(732): CodeIgniter\Database\MySQLi\Connection->execute('INSERT INTO `pr...')
#2 C:\xampp\htdocs\EconMart\system\Database\BaseConnection.php(646): CodeIgniter\Database\BaseConnection->simpleQuery('INSERT INTO `pr...')
#3 C:\xampp\htdocs\EconMart\system\Database\BaseBuilder.php(2333): CodeIgniter\Database\BaseConnection->query('INSERT INTO `pr...', Array, false)
#4 C:\xampp\htdocs\EconMart\system\Model.php(394): CodeIgniter\Database\BaseBuilder->insert()
#5 C:\xampp\htdocs\EconMart\system\BaseModel.php(840): CodeIgniter\Model->doInsert(Array)
#6 C:\xampp\htdocs\EconMart\system\Model.php(802): CodeIgniter\BaseModel->insert(Array, true)
#7 C:\xampp\htdocs\EconMart\app\Models\ProductModel.php(37): CodeIgniter\Model->insert(Array)
#8 C:\xampp\htdocs\EconMart\app\Controllers\ControlController.php(64): App\Models\ProductModel->createProduct(Array)
#9 C:\xampp\htdocs\EconMart\system\CodeIgniter.php(933): App\Controllers\ControlController->storeProduct()
#10 C:\xampp\htdocs\EconMart\system\CodeIgniter.php(509): CodeIgniter\CodeIgniter->runController(Object(App\Controllers\ControlController))
#11 C:\xampp\htdocs\EconMart\system\CodeIgniter.php(355): CodeIgniter\CodeIgniter->handleRequest(NULL, Object(Config\Cache), false)
#12 C:\xampp\htdocs\EconMart\system\Boot.php(325): CodeIgniter\CodeIgniter->run()
#13 C:\xampp\htdocs\EconMart\system\Boot.php(67): CodeIgniter\Boot::runCodeIgniter(Object(CodeIgniter\CodeIgniter))
#14 C:\xampp\htdocs\EconMart\public\index.php(56): CodeIgniter\Boot::bootWeb(Object(Config\Paths))
#15 C:\xampp\htdocs\EconMart\system\Commands\Server\rewrite.php(49): require_once('C:\\xampp\\htdocs...')
#16 {main}
CRITICAL - 2024-12-25 20:33:44 --> CodeIgniter\Database\Exceptions\DatabaseException: Unknown column 'created_at' in 'field list'
[Method: POST, Route: control/store-prod]
in SYSTEMPATH\Database\BaseConnection.php on line 686.
 1 SYSTEMPATH\Database\BaseBuilder.php(2333): CodeIgniter\Database\BaseConnection->query('INSERT INTO `products` (`name`, `price`, `category_id`, `created_at`, `updated_at`) VALUES (:name:, :price:, :category_id:, :created_at:, :updated_at:)', [...], false)
 2 SYSTEMPATH\Model.php(394): CodeIgniter\Database\BaseBuilder->insert()
 3 SYSTEMPATH\BaseModel.php(840): CodeIgniter\Model->doInsert([...])
 4 SYSTEMPATH\Model.php(802): CodeIgniter\BaseModel->insert([...], true)
 5 APPPATH\Models\ProductModel.php(37): CodeIgniter\Model->insert([...])
 6 APPPATH\Controllers\ControlController.php(64): App\Models\ProductModel->createProduct([...])
 7 SYSTEMPATH\CodeIgniter.php(933): App\Controllers\ControlController->storeProduct()
 8 SYSTEMPATH\CodeIgniter.php(509): CodeIgniter\CodeIgniter->runController(Object(App\Controllers\ControlController))
 9 SYSTEMPATH\CodeIgniter.php(355): CodeIgniter\CodeIgniter->handleRequest(null, Object(Config\Cache), false)
10 SYSTEMPATH\Boot.php(325): CodeIgniter\CodeIgniter->run()
11 SYSTEMPATH\Boot.php(67): CodeIgniter\Boot::runCodeIgniter(Object(CodeIgniter\CodeIgniter))
12 FCPATH\index.php(56): CodeIgniter\Boot::bootWeb(Object(Config\Paths))
13 SYSTEMPATH\Commands\Server\rewrite.php(49): require_once('C:\\xampp\\htdocs\\EconMart\\public\\index.php')
CRITICAL - 2024-12-25 20:33:44 --> [Caused by] CodeIgniter\Database\Exceptions\DatabaseException: Unknown column 'created_at' in 'field list'
in SYSTEMPATH\Database\MySQLi\Connection.php on line 315.
 1 SYSTEMPATH\Database\BaseConnection.php(732): CodeIgniter\Database\MySQLi\Connection->execute('INSERT INTO `products` (`name`, `price`, `category_id`, `created_at`, `updated_at`) VALUES (\'Men T-shirt\', \'4566\', \'1\', \'2024-12-25 20:33:44\', \'2024-12-25 20:33:44\')')
 2 SYSTEMPATH\Database\BaseConnection.php(646): CodeIgniter\Database\BaseConnection->simpleQuery('INSERT INTO `products` (`name`, `price`, `category_id`, `created_at`, `updated_at`) VALUES (\'Men T-shirt\', \'4566\', \'1\', \'2024-12-25 20:33:44\', \'2024-12-25 20:33:44\')')
 3 SYSTEMPATH\Database\BaseBuilder.php(2333): CodeIgniter\Database\BaseConnection->query('INSERT INTO `products` (`name`, `price`, `category_id`, `created_at`, `updated_at`) VALUES (:name:, :price:, :category_id:, :created_at:, :updated_at:)', [...], false)
 4 SYSTEMPATH\Model.php(394): CodeIgniter\Database\BaseBuilder->insert()
 5 SYSTEMPATH\BaseModel.php(840): CodeIgniter\Model->doInsert([...])
 6 SYSTEMPATH\Model.php(802): CodeIgniter\BaseModel->insert([...], true)
 7 APPPATH\Models\ProductModel.php(37): CodeIgniter\Model->insert([...])
 8 APPPATH\Controllers\ControlController.php(64): App\Models\ProductModel->createProduct([...])
 9 SYSTEMPATH\CodeIgniter.php(933): App\Controllers\ControlController->storeProduct()
10 SYSTEMPATH\CodeIgniter.php(509): CodeIgniter\CodeIgniter->runController(Object(App\Controllers\ControlController))
11 SYSTEMPATH\CodeIgniter.php(355): CodeIgniter\CodeIgniter->handleRequest(null, Object(Config\Cache), false)
12 SYSTEMPATH\Boot.php(325): CodeIgniter\CodeIgniter->run()
13 SYSTEMPATH\Boot.php(67): CodeIgniter\Boot::runCodeIgniter(Object(CodeIgniter\CodeIgniter))
14 FCPATH\index.php(56): CodeIgniter\Boot::bootWeb(Object(Config\Paths))
15 SYSTEMPATH\Commands\Server\rewrite.php(49): require_once('C:\\xampp\\htdocs\\EconMart\\public\\index.php')
CRITICAL - 2024-12-25 20:33:44 --> [Caused by] mysqli_sql_exception: Unknown column 'created_at' in 'field list'
in SYSTEMPATH\Database\MySQLi\Connection.php on line 310.
 1 SYSTEMPATH\Database\MySQLi\Connection.php(310): mysqli->query('INSERT INTO `products` (`name`, `price`, `category_id`, `created_at`, `updated_at`) VALUES (\'Men T-shirt\', \'4566\', \'1\', \'2024-12-25 20:33:44\', \'2024-12-25 20:33:44\')', 0)
 2 SYSTEMPATH\Database\BaseConnection.php(732): CodeIgniter\Database\MySQLi\Connection->execute('INSERT INTO `products` (`name`, `price`, `category_id`, `created_at`, `updated_at`) VALUES (\'Men T-shirt\', \'4566\', \'1\', \'2024-12-25 20:33:44\', \'2024-12-25 20:33:44\')')
 3 SYSTEMPATH\Database\BaseConnection.php(646): CodeIgniter\Database\BaseConnection->simpleQuery('INSERT INTO `products` (`name`, `price`, `category_id`, `created_at`, `updated_at`) VALUES (\'Men T-shirt\', \'4566\', \'1\', \'2024-12-25 20:33:44\', \'2024-12-25 20:33:44\')')
 4 SYSTEMPATH\Database\BaseBuilder.php(2333): CodeIgniter\Database\BaseConnection->query('INSERT INTO `products` (`name`, `price`, `category_id`, `created_at`, `updated_at`) VALUES (:name:, :price:, :category_id:, :created_at:, :updated_at:)', [...], false)
 5 SYSTEMPATH\Model.php(394): CodeIgniter\Database\BaseBuilder->insert()
 6 SYSTEMPATH\BaseModel.php(840): CodeIgniter\Model->doInsert([...])
 7 SYSTEMPATH\Model.php(802): CodeIgniter\BaseModel->insert([...], true)
 8 APPPATH\Models\ProductModel.php(37): CodeIgniter\Model->insert([...])
 9 APPPATH\Controllers\ControlController.php(64): App\Models\ProductModel->createProduct([...])
10 SYSTEMPATH\CodeIgniter.php(933): App\Controllers\ControlController->storeProduct()
11 SYSTEMPATH\CodeIgniter.php(509): CodeIgniter\CodeIgniter->runController(Object(App\Controllers\ControlController))
12 SYSTEMPATH\CodeIgniter.php(355): CodeIgniter\CodeIgniter->handleRequest(null, Object(Config\Cache), false)
13 SYSTEMPATH\Boot.php(325): CodeIgniter\CodeIgniter->run()
14 SYSTEMPATH\Boot.php(67): CodeIgniter\Boot::runCodeIgniter(Object(CodeIgniter\CodeIgniter))
15 FCPATH\index.php(56): CodeIgniter\Boot::bootWeb(Object(Config\Paths))
16 SYSTEMPATH\Commands\Server\rewrite.php(49): require_once('C:\\xampp\\htdocs\\EconMart\\public\\index.php')
ERROR - 2024-12-25 20:34:13 --> mysqli_sql_exception: Unknown column 'created_at' in 'field list' in C:\xampp\htdocs\EconMart\system\Database\MySQLi\Connection.php:310
Stack trace:
#0 C:\xampp\htdocs\EconMart\system\Database\MySQLi\Connection.php(310): mysqli->query('INSERT INTO `pr...', 0)
#1 C:\xampp\htdocs\EconMart\system\Database\BaseConnection.php(732): CodeIgniter\Database\MySQLi\Connection->execute('INSERT INTO `pr...')
#2 C:\xampp\htdocs\EconMart\system\Database\BaseConnection.php(646): CodeIgniter\Database\BaseConnection->simpleQuery('INSERT INTO `pr...')
#3 C:\xampp\htdocs\EconMart\system\Database\BaseBuilder.php(2333): CodeIgniter\Database\BaseConnection->query('INSERT INTO `pr...', Array, false)
#4 C:\xampp\htdocs\EconMart\system\Model.php(394): CodeIgniter\Database\BaseBuilder->insert()
#5 C:\xampp\htdocs\EconMart\system\BaseModel.php(840): CodeIgniter\Model->doInsert(Array)
#6 C:\xampp\htdocs\EconMart\system\Model.php(802): CodeIgniter\BaseModel->insert(Array, true)
#7 C:\xampp\htdocs\EconMart\app\Models\ProductModel.php(35): CodeIgniter\Model->insert(Array)
#8 C:\xampp\htdocs\EconMart\app\Controllers\ControlController.php(64): App\Models\ProductModel->createProduct(Array)
#9 C:\xampp\htdocs\EconMart\system\CodeIgniter.php(933): App\Controllers\ControlController->storeProduct()
#10 C:\xampp\htdocs\EconMart\system\CodeIgniter.php(509): CodeIgniter\CodeIgniter->runController(Object(App\Controllers\ControlController))
#11 C:\xampp\htdocs\EconMart\system\CodeIgniter.php(355): CodeIgniter\CodeIgniter->handleRequest(NULL, Object(Config\Cache), false)
#12 C:\xampp\htdocs\EconMart\system\Boot.php(325): CodeIgniter\CodeIgniter->run()
#13 C:\xampp\htdocs\EconMart\system\Boot.php(67): CodeIgniter\Boot::runCodeIgniter(Object(CodeIgniter\CodeIgniter))
#14 C:\xampp\htdocs\EconMart\public\index.php(56): CodeIgniter\Boot::bootWeb(Object(Config\Paths))
#15 C:\xampp\htdocs\EconMart\system\Commands\Server\rewrite.php(49): require_once('C:\\xampp\\htdocs...')
#16 {main}
CRITICAL - 2024-12-25 20:34:13 --> CodeIgniter\Database\Exceptions\DatabaseException: Unknown column 'created_at' in 'field list'
[Method: POST, Route: control/store-prod]
in SYSTEMPATH\Database\BaseConnection.php on line 686.
 1 SYSTEMPATH\Database\BaseBuilder.php(2333): CodeIgniter\Database\BaseConnection->query('INSERT INTO `products` (`name`, `price`, `category_id`, `created_at`, `updated_at`) VALUES (:name:, :price:, :category_id:, :created_at:, :updated_at:)', [...], false)
 2 SYSTEMPATH\Model.php(394): CodeIgniter\Database\BaseBuilder->insert()
 3 SYSTEMPATH\BaseModel.php(840): CodeIgniter\Model->doInsert([...])
 4 SYSTEMPATH\Model.php(802): CodeIgniter\BaseModel->insert([...], true)
 5 APPPATH\Models\ProductModel.php(35): CodeIgniter\Model->insert([...])
 6 APPPATH\Controllers\ControlController.php(64): App\Models\ProductModel->createProduct([...])
 7 SYSTEMPATH\CodeIgniter.php(933): App\Controllers\ControlController->storeProduct()
 8 SYSTEMPATH\CodeIgniter.php(509): CodeIgniter\CodeIgniter->runController(Object(App\Controllers\ControlController))
 9 SYSTEMPATH\CodeIgniter.php(355): CodeIgniter\CodeIgniter->handleRequest(null, Object(Config\Cache), false)
10 SYSTEMPATH\Boot.php(325): CodeIgniter\CodeIgniter->run()
11 SYSTEMPATH\Boot.php(67): CodeIgniter\Boot::runCodeIgniter(Object(CodeIgniter\CodeIgniter))
12 FCPATH\index.php(56): CodeIgniter\Boot::bootWeb(Object(Config\Paths))
13 SYSTEMPATH\Commands\Server\rewrite.php(49): require_once('C:\\xampp\\htdocs\\EconMart\\public\\index.php')
CRITICAL - 2024-12-25 20:34:13 --> [Caused by] CodeIgniter\Database\Exceptions\DatabaseException: Unknown column 'created_at' in 'field list'
in SYSTEMPATH\Database\MySQLi\Connection.php on line 315.
 1 SYSTEMPATH\Database\BaseConnection.php(732): CodeIgniter\Database\MySQLi\Connection->execute('INSERT INTO `products` (`name`, `price`, `category_id`, `created_at`, `updated_at`) VALUES (\'Men T-shirt\', \'4566\', \'1\', \'2024-12-25 20:34:13\', \'2024-12-25 20:34:13\')')
 2 SYSTEMPATH\Database\BaseConnection.php(646): CodeIgniter\Database\BaseConnection->simpleQuery('INSERT INTO `products` (`name`, `price`, `category_id`, `created_at`, `updated_at`) VALUES (\'Men T-shirt\', \'4566\', \'1\', \'2024-12-25 20:34:13\', \'2024-12-25 20:34:13\')')
 3 SYSTEMPATH\Database\BaseBuilder.php(2333): CodeIgniter\Database\BaseConnection->query('INSERT INTO `products` (`name`, `price`, `category_id`, `created_at`, `updated_at`) VALUES (:name:, :price:, :category_id:, :created_at:, :updated_at:)', [...], false)
 4 SYSTEMPATH\Model.php(394): CodeIgniter\Database\BaseBuilder->insert()
 5 SYSTEMPATH\BaseModel.php(840): CodeIgniter\Model->doInsert([...])
 6 SYSTEMPATH\Model.php(802): CodeIgniter\BaseModel->insert([...], true)
 7 APPPATH\Models\ProductModel.php(35): CodeIgniter\Model->insert([...])
 8 APPPATH\Controllers\ControlController.php(64): App\Models\ProductModel->createProduct([...])
 9 SYSTEMPATH\CodeIgniter.php(933): App\Controllers\ControlController->storeProduct()
10 SYSTEMPATH\CodeIgniter.php(509): CodeIgniter\CodeIgniter->runController(Object(App\Controllers\ControlController))
11 SYSTEMPATH\CodeIgniter.php(355): CodeIgniter\CodeIgniter->handleRequest(null, Object(Config\Cache), false)
12 SYSTEMPATH\Boot.php(325): CodeIgniter\CodeIgniter->run()
13 SYSTEMPATH\Boot.php(67): CodeIgniter\Boot::runCodeIgniter(Object(CodeIgniter\CodeIgniter))
14 FCPATH\index.php(56): CodeIgniter\Boot::bootWeb(Object(Config\Paths))
15 SYSTEMPATH\Commands\Server\rewrite.php(49): require_once('C:\\xampp\\htdocs\\EconMart\\public\\index.php')
CRITICAL - 2024-12-25 20:34:13 --> [Caused by] mysqli_sql_exception: Unknown column 'created_at' in 'field list'
in SYSTEMPATH\Database\MySQLi\Connection.php on line 310.
 1 SYSTEMPATH\Database\MySQLi\Connection.php(310): mysqli->query('INSERT INTO `products` (`name`, `price`, `category_id`, `created_at`, `updated_at`) VALUES (\'Men T-shirt\', \'4566\', \'1\', \'2024-12-25 20:34:13\', \'2024-12-25 20:34:13\')', 0)
 2 SYSTEMPATH\Database\BaseConnection.php(732): CodeIgniter\Database\MySQLi\Connection->execute('INSERT INTO `products` (`name`, `price`, `category_id`, `created_at`, `updated_at`) VALUES (\'Men T-shirt\', \'4566\', \'1\', \'2024-12-25 20:34:13\', \'2024-12-25 20:34:13\')')
 3 SYSTEMPATH\Database\BaseConnection.php(646): CodeIgniter\Database\BaseConnection->simpleQuery('INSERT INTO `products` (`name`, `price`, `category_id`, `created_at`, `updated_at`) VALUES (\'Men T-shirt\', \'4566\', \'1\', \'2024-12-25 20:34:13\', \'2024-12-25 20:34:13\')')
 4 SYSTEMPATH\Database\BaseBuilder.php(2333): CodeIgniter\Database\BaseConnection->query('INSERT INTO `products` (`name`, `price`, `category_id`, `created_at`, `updated_at`) VALUES (:name:, :price:, :category_id:, :created_at:, :updated_at:)', [...], false)
 5 SYSTEMPATH\Model.php(394): CodeIgniter\Database\BaseBuilder->insert()
 6 SYSTEMPATH\BaseModel.php(840): CodeIgniter\Model->doInsert([...])
 7 SYSTEMPATH\Model.php(802): CodeIgniter\BaseModel->insert([...], true)
 8 APPPATH\Models\ProductModel.php(35): CodeIgniter\Model->insert([...])
 9 APPPATH\Controllers\ControlController.php(64): App\Models\ProductModel->createProduct([...])
10 SYSTEMPATH\CodeIgniter.php(933): App\Controllers\ControlController->storeProduct()
11 SYSTEMPATH\CodeIgniter.php(509): CodeIgniter\CodeIgniter->runController(Object(App\Controllers\ControlController))
12 SYSTEMPATH\CodeIgniter.php(355): CodeIgniter\CodeIgniter->handleRequest(null, Object(Config\Cache), false)
13 SYSTEMPATH\Boot.php(325): CodeIgniter\CodeIgniter->run()
14 SYSTEMPATH\Boot.php(67): CodeIgniter\Boot::runCodeIgniter(Object(CodeIgniter\CodeIgniter))
15 FCPATH\index.php(56): CodeIgniter\Boot::bootWeb(Object(Config\Paths))
16 SYSTEMPATH\Commands\Server\rewrite.php(49): require_once('C:\\xampp\\htdocs\\EconMart\\public\\index.php')
ERROR - 2024-12-25 20:36:16 --> mysqli_sql_exception: Unknown column 'created_at' in 'field list' in C:\xampp\htdocs\EconMart\system\Database\MySQLi\Connection.php:310
Stack trace:
#0 C:\xampp\htdocs\EconMart\system\Database\MySQLi\Connection.php(310): mysqli->query('INSERT INTO `pr...', 0)
#1 C:\xampp\htdocs\EconMart\system\Database\BaseConnection.php(732): CodeIgniter\Database\MySQLi\Connection->execute('INSERT INTO `pr...')
#2 C:\xampp\htdocs\EconMart\system\Database\BaseConnection.php(646): CodeIgniter\Database\BaseConnection->simpleQuery('INSERT INTO `pr...')
#3 C:\xampp\htdocs\EconMart\system\Database\BaseBuilder.php(2333): CodeIgniter\Database\BaseConnection->query('INSERT INTO `pr...', Array, false)
#4 C:\xampp\htdocs\EconMart\system\Model.php(394): CodeIgniter\Database\BaseBuilder->insert()
#5 C:\xampp\htdocs\EconMart\system\BaseModel.php(840): CodeIgniter\Model->doInsert(Array)
#6 C:\xampp\htdocs\EconMart\system\Model.php(802): CodeIgniter\BaseModel->insert(Array, true)
#7 C:\xampp\htdocs\EconMart\app\Models\ProductModel.php(35): CodeIgniter\Model->insert(Array)
#8 C:\xampp\htdocs\EconMart\app\Controllers\ControlController.php(64): App\Models\ProductModel->createProduct(Array)
#9 C:\xampp\htdocs\EconMart\system\CodeIgniter.php(933): App\Controllers\ControlController->storeProduct()
#10 C:\xampp\htdocs\EconMart\system\CodeIgniter.php(509): CodeIgniter\CodeIgniter->runController(Object(App\Controllers\ControlController))
#11 C:\xampp\htdocs\EconMart\system\CodeIgniter.php(355): CodeIgniter\CodeIgniter->handleRequest(NULL, Object(Config\Cache), false)
#12 C:\xampp\htdocs\EconMart\system\Boot.php(325): CodeIgniter\CodeIgniter->run()
#13 C:\xampp\htdocs\EconMart\system\Boot.php(67): CodeIgniter\Boot::runCodeIgniter(Object(CodeIgniter\CodeIgniter))
#14 C:\xampp\htdocs\EconMart\public\index.php(56): CodeIgniter\Boot::bootWeb(Object(Config\Paths))
#15 C:\xampp\htdocs\EconMart\system\Commands\Server\rewrite.php(49): require_once('C:\\xampp\\htdocs...')
#16 {main}
CRITICAL - 2024-12-25 20:36:16 --> CodeIgniter\Database\Exceptions\DatabaseException: Unknown column 'created_at' in 'field list'
[Method: POST, Route: control/store-prod]
in SYSTEMPATH\Database\BaseConnection.php on line 686.
 1 SYSTEMPATH\Database\BaseBuilder.php(2333): CodeIgniter\Database\BaseConnection->query('INSERT INTO `products` (`name`, `price`, `category_id`, `created_at`, `updated_at`) VALUES (:name:, :price:, :category_id:, :created_at:, :updated_at:)', [...], false)
 2 SYSTEMPATH\Model.php(394): CodeIgniter\Database\BaseBuilder->insert()
 3 SYSTEMPATH\BaseModel.php(840): CodeIgniter\Model->doInsert([...])
 4 SYSTEMPATH\Model.php(802): CodeIgniter\BaseModel->insert([...], true)
 5 APPPATH\Models\ProductModel.php(35): CodeIgniter\Model->insert([...])
 6 APPPATH\Controllers\ControlController.php(64): App\Models\ProductModel->createProduct([...])
 7 SYSTEMPATH\CodeIgniter.php(933): App\Controllers\ControlController->storeProduct()
 8 SYSTEMPATH\CodeIgniter.php(509): CodeIgniter\CodeIgniter->runController(Object(App\Controllers\ControlController))
 9 SYSTEMPATH\CodeIgniter.php(355): CodeIgniter\CodeIgniter->handleRequest(null, Object(Config\Cache), false)
10 SYSTEMPATH\Boot.php(325): CodeIgniter\CodeIgniter->run()
11 SYSTEMPATH\Boot.php(67): CodeIgniter\Boot::runCodeIgniter(Object(CodeIgniter\CodeIgniter))
12 FCPATH\index.php(56): CodeIgniter\Boot::bootWeb(Object(Config\Paths))
13 SYSTEMPATH\Commands\Server\rewrite.php(49): require_once('C:\\xampp\\htdocs\\EconMart\\public\\index.php')
CRITICAL - 2024-12-25 20:36:16 --> [Caused by] CodeIgniter\Database\Exceptions\DatabaseException: Unknown column 'created_at' in 'field list'
in SYSTEMPATH\Database\MySQLi\Connection.php on line 315.
 1 SYSTEMPATH\Database\BaseConnection.php(732): CodeIgniter\Database\MySQLi\Connection->execute('INSERT INTO `products` (`name`, `price`, `category_id`, `created_at`, `updated_at`) VALUES (\'Men T-shirt\', \'4567\', \'1\', \'2024-12-25 20:36:16\', \'2024-12-25 20:36:16\')')
 2 SYSTEMPATH\Database\BaseConnection.php(646): CodeIgniter\Database\BaseConnection->simpleQuery('INSERT INTO `products` (`name`, `price`, `category_id`, `created_at`, `updated_at`) VALUES (\'Men T-shirt\', \'4567\', \'1\', \'2024-12-25 20:36:16\', \'2024-12-25 20:36:16\')')
 3 SYSTEMPATH\Database\BaseBuilder.php(2333): CodeIgniter\Database\BaseConnection->query('INSERT INTO `products` (`name`, `price`, `category_id`, `created_at`, `updated_at`) VALUES (:name:, :price:, :category_id:, :created_at:, :updated_at:)', [...], false)
 4 SYSTEMPATH\Model.php(394): CodeIgniter\Database\BaseBuilder->insert()
 5 SYSTEMPATH\BaseModel.php(840): CodeIgniter\Model->doInsert([...])
 6 SYSTEMPATH\Model.php(802): CodeIgniter\BaseModel->insert([...], true)
 7 APPPATH\Models\ProductModel.php(35): CodeIgniter\Model->insert([...])
 8 APPPATH\Controllers\ControlController.php(64): App\Models\ProductModel->createProduct([...])
 9 SYSTEMPATH\CodeIgniter.php(933): App\Controllers\ControlController->storeProduct()
10 SYSTEMPATH\CodeIgniter.php(509): CodeIgniter\CodeIgniter->runController(Object(App\Controllers\ControlController))
11 SYSTEMPATH\CodeIgniter.php(355): CodeIgniter\CodeIgniter->handleRequest(null, Object(Config\Cache), false)
12 SYSTEMPATH\Boot.php(325): CodeIgniter\CodeIgniter->run()
13 SYSTEMPATH\Boot.php(67): CodeIgniter\Boot::runCodeIgniter(Object(CodeIgniter\CodeIgniter))
14 FCPATH\index.php(56): CodeIgniter\Boot::bootWeb(Object(Config\Paths))
15 SYSTEMPATH\Commands\Server\rewrite.php(49): require_once('C:\\xampp\\htdocs\\EconMart\\public\\index.php')
CRITICAL - 2024-12-25 20:36:16 --> [Caused by] mysqli_sql_exception: Unknown column 'created_at' in 'field list'
in SYSTEMPATH\Database\MySQLi\Connection.php on line 310.
 1 SYSTEMPATH\Database\MySQLi\Connection.php(310): mysqli->query('INSERT INTO `products` (`name`, `price`, `category_id`, `created_at`, `updated_at`) VALUES (\'Men T-shirt\', \'4567\', \'1\', \'2024-12-25 20:36:16\', \'2024-12-25 20:36:16\')', 0)
 2 SYSTEMPATH\Database\BaseConnection.php(732): CodeIgniter\Database\MySQLi\Connection->execute('INSERT INTO `products` (`name`, `price`, `category_id`, `created_at`, `updated_at`) VALUES (\'Men T-shirt\', \'4567\', \'1\', \'2024-12-25 20:36:16\', \'2024-12-25 20:36:16\')')
 3 SYSTEMPATH\Database\BaseConnection.php(646): CodeIgniter\Database\BaseConnection->simpleQuery('INSERT INTO `products` (`name`, `price`, `category_id`, `created_at`, `updated_at`) VALUES (\'Men T-shirt\', \'4567\', \'1\', \'2024-12-25 20:36:16\', \'2024-12-25 20:36:16\')')
 4 SYSTEMPATH\Database\BaseBuilder.php(2333): CodeIgniter\Database\BaseConnection->query('INSERT INTO `products` (`name`, `price`, `category_id`, `created_at`, `updated_at`) VALUES (:name:, :price:, :category_id:, :created_at:, :updated_at:)', [...], false)
 5 SYSTEMPATH\Model.php(394): CodeIgniter\Database\BaseBuilder->insert()
 6 SYSTEMPATH\BaseModel.php(840): CodeIgniter\Model->doInsert([...])
 7 SYSTEMPATH\Model.php(802): CodeIgniter\BaseModel->insert([...], true)
 8 APPPATH\Models\ProductModel.php(35): CodeIgniter\Model->insert([...])
 9 APPPATH\Controllers\ControlController.php(64): App\Models\ProductModel->createProduct([...])
10 SYSTEMPATH\CodeIgniter.php(933): App\Controllers\ControlController->storeProduct()
11 SYSTEMPATH\CodeIgniter.php(509): CodeIgniter\CodeIgniter->runController(Object(App\Controllers\ControlController))
12 SYSTEMPATH\CodeIgniter.php(355): CodeIgniter\CodeIgniter->handleRequest(null, Object(Config\Cache), false)
13 SYSTEMPATH\Boot.php(325): CodeIgniter\CodeIgniter->run()
14 SYSTEMPATH\Boot.php(67): CodeIgniter\Boot::runCodeIgniter(Object(CodeIgniter\CodeIgniter))
15 FCPATH\index.php(56): CodeIgniter\Boot::bootWeb(Object(Config\Paths))
16 SYSTEMPATH\Commands\Server\rewrite.php(49): require_once('C:\\xampp\\htdocs\\EconMart\\public\\index.php')
INFO - 2024-12-25 20:46:08 --> Session: Class initialized using 'CodeIgniter\Session\Handlers\FileHandler' driver.
INFO - 2024-12-25 20:46:14 --> Session: Class initialized using 'CodeIgniter\Session\Handlers\FileHandler' driver.
CRITICAL - 2024-12-25 21:08:17 --> BadMethodCallException: Call to undefined method App\Models\ProductModel::getProductById
[Method: GET, Route: control/edit-product/3]
in SYSTEMPATH\Model.php on line 932.
 1 APPPATH\Controllers\ControlController.php(76): CodeIgniter\Model->__call('getProductById', [...])
 2 SYSTEMPATH\CodeIgniter.php(933): App\Controllers\ControlController->editProduct('3')
 3 SYSTEMPATH\CodeIgniter.php(509): CodeIgniter\CodeIgniter->runController(Object(App\Controllers\ControlController))
 4 SYSTEMPATH\CodeIgniter.php(355): CodeIgniter\CodeIgniter->handleRequest(null, Object(Config\Cache), false)
 5 SYSTEMPATH\Boot.php(325): CodeIgniter\CodeIgniter->run()
 6 SYSTEMPATH\Boot.php(67): CodeIgniter\Boot::runCodeIgniter(Object(CodeIgniter\CodeIgniter))
 7 FCPATH\index.php(56): CodeIgniter\Boot::bootWeb(Object(Config\Paths))
 8 SYSTEMPATH\Commands\Server\rewrite.php(49): require_once('C:\\xampp\\htdocs\\EconMart\\public\\index.php')
CRITICAL - 2024-12-25 21:10:32 --> ErrorException: Undefined array key 0
[Method: GET, Route: control/edit-product/3]
in APPPATH\Controllers\ControlController.php on line 78.
 1 APPPATH\Controllers\ControlController.php(78): CodeIgniter\Debug\Exceptions->errorHandler(2, 'Undefined array key 0', 'C:\\xampp\\htdocs\\EconMart\\app\\Controllers\\ControlController.php', 78)
 2 SYSTEMPATH\CodeIgniter.php(933): App\Controllers\ControlController->editProduct('3')
 3 SYSTEMPATH\CodeIgniter.php(509): CodeIgniter\CodeIgniter->runController(Object(App\Controllers\ControlController))
 4 SYSTEMPATH\CodeIgniter.php(355): CodeIgniter\CodeIgniter->handleRequest(null, Object(Config\Cache), false)
 5 SYSTEMPATH\Boot.php(325): CodeIgniter\CodeIgniter->run()
 6 SYSTEMPATH\Boot.php(67): CodeIgniter\Boot::runCodeIgniter(Object(CodeIgniter\CodeIgniter))
 7 FCPATH\index.php(56): CodeIgniter\Boot::bootWeb(Object(Config\Paths))
 8 SYSTEMPATH\Commands\Server\rewrite.php(49): require_once('C:\\xampp\\htdocs\\EconMart\\public\\index.php')
CRITICAL - 2024-12-25 21:12:00 --> ErrorException: Undefined array key 0
[Method: GET, Route: control/edit-product/3]
in APPPATH\Controllers\ControlController.php on line 78.
 1 APPPATH\Controllers\ControlController.php(78): CodeIgniter\Debug\Exceptions->errorHandler(2, 'Undefined array key 0', 'C:\\xampp\\htdocs\\EconMart\\app\\Controllers\\ControlController.php', 78)
 2 SYSTEMPATH\CodeIgniter.php(933): App\Controllers\ControlController->editProduct('3')
 3 SYSTEMPATH\CodeIgniter.php(509): CodeIgniter\CodeIgniter->runController(Object(App\Controllers\ControlController))
 4 SYSTEMPATH\CodeIgniter.php(355): CodeIgniter\CodeIgniter->handleRequest(null, Object(Config\Cache), false)
 5 SYSTEMPATH\Boot.php(325): CodeIgniter\CodeIgniter->run()
 6 SYSTEMPATH\Boot.php(67): CodeIgniter\Boot::runCodeIgniter(Object(CodeIgniter\CodeIgniter))
 7 FCPATH\index.php(56): CodeIgniter\Boot::bootWeb(Object(Config\Paths))
 8 SYSTEMPATH\Commands\Server\rewrite.php(49): require_once('C:\\xampp\\htdocs\\EconMart\\public\\index.php')
CRITICAL - 2024-12-25 21:14:47 --> ErrorException: Undefined array key "id"
[Method: GET, Route: control/edit-product/3]
in APPPATH\Views\control\edit-product.php on line 21.
 1 APPPATH\Views\control\edit-product.php(21): CodeIgniter\Debug\Exceptions->errorHandler(2, 'Undefined array key "id"', 'C:\\xampp\\htdocs\\EconMart\\app\\Views\\control\\edit-product.php', 21)
 2 SYSTEMPATH\View\View.php(234): include('C:\\xampp\\htdocs\\EconMart\\app\\Views\\control\\edit-product.php')
 3 SYSTEMPATH\View\View.php(237): CodeIgniter\View\View->CodeIgniter\View\{closure}()
 4 SYSTEMPATH\Common.php(1171): CodeIgniter\View\View->render('control/edit-product', [], true)
 5 APPPATH\Controllers\ControlController.php(78): view('control/edit-product', [...])
 6 SYSTEMPATH\CodeIgniter.php(933): App\Controllers\ControlController->editProduct('3')
 7 SYSTEMPATH\CodeIgniter.php(509): CodeIgniter\CodeIgniter->runController(Object(App\Controllers\ControlController))
 8 SYSTEMPATH\CodeIgniter.php(355): CodeIgniter\CodeIgniter->handleRequest(null, Object(Config\Cache), false)
 9 SYSTEMPATH\Boot.php(325): CodeIgniter\CodeIgniter->run()
10 SYSTEMPATH\Boot.php(67): CodeIgniter\Boot::runCodeIgniter(Object(CodeIgniter\CodeIgniter))
11 FCPATH\index.php(56): CodeIgniter\Boot::bootWeb(Object(Config\Paths))
12 SYSTEMPATH\Commands\Server\rewrite.php(49): require_once('C:\\xampp\\htdocs\\EconMart\\public\\index.php')
WARNING - 2024-12-25 21:33:03 --> [DEPRECATED] Creation of dynamic property App\Controllers\ControlController::$dbUser is deprecated in APPPATH\Controllers\ControlController.php on line 21.
 1 SYSTEMPATH\CodeIgniter.php(903): App\Controllers\ControlController->__construct()
 2 SYSTEMPATH\CodeIgniter.php(500): CodeIgniter\CodeIgniter->createController()
 3 SYSTEMPATH\CodeIgniter.php(355): CodeIgniter\CodeIgniter->handleRequest(null, Object(Config\Cache), false)
 4 SYSTEMPATH\Boot.php(325): CodeIgniter\CodeIgniter->run()
 5 SYSTEMPATH\Boot.php(67): CodeIgniter\Boot::runCodeIgniter(Object(CodeIgniter\CodeIgniter))
 6 FCPATH\index.php(56): CodeIgniter\Boot::bootWeb(Object(Config\Paths))
 7 SYSTEMPATH\Commands\Server\rewrite.php(49): require_once('C:\\xampp\\htdocs\\EconMart\\public\\index.php')
WARNING - 2024-12-25 21:34:10 --> [DEPRECATED] Creation of dynamic property App\Controllers\ControlController::$dbUser is deprecated in APPPATH\Controllers\ControlController.php on line 21.
 1 SYSTEMPATH\CodeIgniter.php(903): App\Controllers\ControlController->__construct()
 2 SYSTEMPATH\CodeIgniter.php(500): CodeIgniter\CodeIgniter->createController()
 3 SYSTEMPATH\CodeIgniter.php(355): CodeIgniter\CodeIgniter->handleRequest(null, Object(Config\Cache), false)
 4 SYSTEMPATH\Boot.php(325): CodeIgniter\CodeIgniter->run()
 5 SYSTEMPATH\Boot.php(67): CodeIgniter\Boot::runCodeIgniter(Object(CodeIgniter\CodeIgniter))
 6 FCPATH\index.php(56): CodeIgniter\Boot::bootWeb(Object(Config\Paths))
 7 SYSTEMPATH\Commands\Server\rewrite.php(49): require_once('C:\\xampp\\htdocs\\EconMart\\public\\index.php')
WARNING - 2024-12-25 21:34:20 --> [DEPRECATED] Creation of dynamic property App\Controllers\ControlController::$dbUser is deprecated in APPPATH\Controllers\ControlController.php on line 21.
 1 SYSTEMPATH\CodeIgniter.php(903): App\Controllers\ControlController->__construct()
 2 SYSTEMPATH\CodeIgniter.php(500): CodeIgniter\CodeIgniter->createController()
 3 SYSTEMPATH\CodeIgniter.php(355): CodeIgniter\CodeIgniter->handleRequest(null, Object(Config\Cache), false)
 4 SYSTEMPATH\Boot.php(325): CodeIgniter\CodeIgniter->run()
 5 SYSTEMPATH\Boot.php(67): CodeIgniter\Boot::runCodeIgniter(Object(CodeIgniter\CodeIgniter))
 6 FCPATH\index.php(56): CodeIgniter\Boot::bootWeb(Object(Config\Paths))
 7 SYSTEMPATH\Commands\Server\rewrite.php(49): require_once('C:\\xampp\\htdocs\\EconMart\\public\\index.php')
WARNING - 2024-12-25 21:34:37 --> [DEPRECATED] Creation of dynamic property App\Controllers\ControlController::$dbUser is deprecated in APPPATH\Controllers\ControlController.php on line 21.
 1 SYSTEMPATH\CodeIgniter.php(903): App\Controllers\ControlController->__construct()
 2 SYSTEMPATH\CodeIgniter.php(500): CodeIgniter\CodeIgniter->createController()
 3 SYSTEMPATH\CodeIgniter.php(355): CodeIgniter\CodeIgniter->handleRequest(null, Object(Config\Cache), false)
 4 SYSTEMPATH\Boot.php(325): CodeIgniter\CodeIgniter->run()
 5 SYSTEMPATH\Boot.php(67): CodeIgniter\Boot::runCodeIgniter(Object(CodeIgniter\CodeIgniter))
 6 FCPATH\index.php(56): CodeIgniter\Boot::bootWeb(Object(Config\Paths))
 7 SYSTEMPATH\Commands\Server\rewrite.php(49): require_once('C:\\xampp\\htdocs\\EconMart\\public\\index.php')
WARNING - 2024-12-25 21:34:42 --> [DEPRECATED] Creation of dynamic property App\Controllers\ControlController::$dbUser is deprecated in APPPATH\Controllers\ControlController.php on line 21.
 1 SYSTEMPATH\CodeIgniter.php(903): App\Controllers\ControlController->__construct()
 2 SYSTEMPATH\CodeIgniter.php(500): CodeIgniter\CodeIgniter->createController()
 3 SYSTEMPATH\CodeIgniter.php(355): CodeIgniter\CodeIgniter->handleRequest(null, Object(Config\Cache), false)
 4 SYSTEMPATH\Boot.php(325): CodeIgniter\CodeIgniter->run()
 5 SYSTEMPATH\Boot.php(67): CodeIgniter\Boot::runCodeIgniter(Object(CodeIgniter\CodeIgniter))
 6 FCPATH\index.php(56): CodeIgniter\Boot::bootWeb(Object(Config\Paths))
 7 SYSTEMPATH\Commands\Server\rewrite.php(49): require_once('C:\\xampp\\htdocs\\EconMart\\public\\index.php')
WARNING - 2024-12-25 21:34:51 --> [DEPRECATED] Creation of dynamic property App\Controllers\ControlController::$dbUser is deprecated in APPPATH\Controllers\ControlController.php on line 21.
 1 SYSTEMPATH\CodeIgniter.php(903): App\Controllers\ControlController->__construct()
 2 SYSTEMPATH\CodeIgniter.php(500): CodeIgniter\CodeIgniter->createController()
 3 SYSTEMPATH\CodeIgniter.php(355): CodeIgniter\CodeIgniter->handleRequest(null, Object(Config\Cache), false)
 4 SYSTEMPATH\Boot.php(325): CodeIgniter\CodeIgniter->run()
 5 SYSTEMPATH\Boot.php(67): CodeIgniter\Boot::runCodeIgniter(Object(CodeIgniter\CodeIgniter))
 6 FCPATH\index.php(56): CodeIgniter\Boot::bootWeb(Object(Config\Paths))
 7 SYSTEMPATH\Commands\Server\rewrite.php(49): require_once('C:\\xampp\\htdocs\\EconMart\\public\\index.php')
CRITICAL - 2024-12-25 21:34:51 --> BadMethodCallException: Call to undefined method App\Models\ProductModel::getProductById
[Method: POST, Route: control/update-product/3]
in SYSTEMPATH\Model.php on line 932.
 1 APPPATH\Controllers\ControlController.php(85): CodeIgniter\Model->__call('getProductById', [...])
 2 SYSTEMPATH\CodeIgniter.php(933): App\Controllers\ControlController->updateProduct('3')
 3 SYSTEMPATH\CodeIgniter.php(509): CodeIgniter\CodeIgniter->runController(Object(App\Controllers\ControlController))
 4 SYSTEMPATH\CodeIgniter.php(355): CodeIgniter\CodeIgniter->handleRequest(null, Object(Config\Cache), false)
 5 SYSTEMPATH\Boot.php(325): CodeIgniter\CodeIgniter->run()
 6 SYSTEMPATH\Boot.php(67): CodeIgniter\Boot::runCodeIgniter(Object(CodeIgniter\CodeIgniter))
 7 FCPATH\index.php(56): CodeIgniter\Boot::bootWeb(Object(Config\Paths))
 8 SYSTEMPATH\Commands\Server\rewrite.php(49): require_once('C:\\xampp\\htdocs\\EconMart\\public\\index.php')
WARNING - 2024-12-25 21:37:58 --> [DEPRECATED] Creation of dynamic property App\Controllers\ControlController::$dbUser is deprecated in APPPATH\Controllers\ControlController.php on line 21.
 1 SYSTEMPATH\CodeIgniter.php(903): App\Controllers\ControlController->__construct()
 2 SYSTEMPATH\CodeIgniter.php(500): CodeIgniter\CodeIgniter->createController()
 3 SYSTEMPATH\CodeIgniter.php(355): CodeIgniter\CodeIgniter->handleRequest(null, Object(Config\Cache), false)
 4 SYSTEMPATH\Boot.php(325): CodeIgniter\CodeIgniter->run()
 5 SYSTEMPATH\Boot.php(67): CodeIgniter\Boot::runCodeIgniter(Object(CodeIgniter\CodeIgniter))
 6 FCPATH\index.php(56): CodeIgniter\Boot::bootWeb(Object(Config\Paths))
 7 SYSTEMPATH\Commands\Server\rewrite.php(49): require_once('C:\\xampp\\htdocs\\EconMart\\public\\index.php')
WARNING - 2024-12-25 21:38:00 --> [DEPRECATED] Creation of dynamic property App\Controllers\ControlController::$dbUser is deprecated in APPPATH\Controllers\ControlController.php on line 21.
 1 SYSTEMPATH\CodeIgniter.php(903): App\Controllers\ControlController->__construct()
 2 SYSTEMPATH\CodeIgniter.php(500): CodeIgniter\CodeIgniter->createController()
 3 SYSTEMPATH\CodeIgniter.php(355): CodeIgniter\CodeIgniter->handleRequest(null, Object(Config\Cache), false)
 4 SYSTEMPATH\Boot.php(325): CodeIgniter\CodeIgniter->run()
 5 SYSTEMPATH\Boot.php(67): CodeIgniter\Boot::runCodeIgniter(Object(CodeIgniter\CodeIgniter))
 6 FCPATH\index.php(56): CodeIgniter\Boot::bootWeb(Object(Config\Paths))
 7 SYSTEMPATH\Commands\Server\rewrite.php(49): require_once('C:\\xampp\\htdocs\\EconMart\\public\\index.php')
WARNING - 2024-12-25 21:38:06 --> [DEPRECATED] Creation of dynamic property App\Controllers\ControlController::$dbUser is deprecated in APPPATH\Controllers\ControlController.php on line 21.
 1 SYSTEMPATH\CodeIgniter.php(903): App\Controllers\ControlController->__construct()
 2 SYSTEMPATH\CodeIgniter.php(500): CodeIgniter\CodeIgniter->createController()
 3 SYSTEMPATH\CodeIgniter.php(355): CodeIgniter\CodeIgniter->handleRequest(null, Object(Config\Cache), false)
 4 SYSTEMPATH\Boot.php(325): CodeIgniter\CodeIgniter->run()
 5 SYSTEMPATH\Boot.php(67): CodeIgniter\Boot::runCodeIgniter(Object(CodeIgniter\CodeIgniter))
 6 FCPATH\index.php(56): CodeIgniter\Boot::bootWeb(Object(Config\Paths))
 7 SYSTEMPATH\Commands\Server\rewrite.php(49): require_once('C:\\xampp\\htdocs\\EconMart\\public\\index.php')
WARNING - 2024-12-25 21:38:30 --> [DEPRECATED] Creation of dynamic property App\Controllers\ControlController::$dbUser is deprecated in APPPATH\Controllers\ControlController.php on line 21.
 1 SYSTEMPATH\CodeIgniter.php(903): App\Controllers\ControlController->__construct()
 2 SYSTEMPATH\CodeIgniter.php(500): CodeIgniter\CodeIgniter->createController()
 3 SYSTEMPATH\CodeIgniter.php(355): CodeIgniter\CodeIgniter->handleRequest(null, Object(Config\Cache), false)
 4 SYSTEMPATH\Boot.php(325): CodeIgniter\CodeIgniter->run()
 5 SYSTEMPATH\Boot.php(67): CodeIgniter\Boot::runCodeIgniter(Object(CodeIgniter\CodeIgniter))
 6 FCPATH\index.php(56): CodeIgniter\Boot::bootWeb(Object(Config\Paths))
 7 SYSTEMPATH\Commands\Server\rewrite.php(49): require_once('C:\\xampp\\htdocs\\EconMart\\public\\index.php')
WARNING - 2024-12-25 21:38:39 --> [DEPRECATED] Creation of dynamic property App\Controllers\ControlController::$dbUser is deprecated in APPPATH\Controllers\ControlController.php on line 21.
 1 SYSTEMPATH\CodeIgniter.php(903): App\Controllers\ControlController->__construct()
 2 SYSTEMPATH\CodeIgniter.php(500): CodeIgniter\CodeIgniter->createController()
 3 SYSTEMPATH\CodeIgniter.php(355): CodeIgniter\CodeIgniter->handleRequest(null, Object(Config\Cache), false)
 4 SYSTEMPATH\Boot.php(325): CodeIgniter\CodeIgniter->run()
 5 SYSTEMPATH\Boot.php(67): CodeIgniter\Boot::runCodeIgniter(Object(CodeIgniter\CodeIgniter))
 6 FCPATH\index.php(56): CodeIgniter\Boot::bootWeb(Object(Config\Paths))
 7 SYSTEMPATH\Commands\Server\rewrite.php(49): require_once('C:\\xampp\\htdocs\\EconMart\\public\\index.php')
WARNING - 2024-12-25 21:39:32 --> [DEPRECATED] Creation of dynamic property App\Controllers\ControlController::$dbUser is deprecated in APPPATH\Controllers\ControlController.php on line 21.
 1 SYSTEMPATH\CodeIgniter.php(903): App\Controllers\ControlController->__construct()
 2 SYSTEMPATH\CodeIgniter.php(500): CodeIgniter\CodeIgniter->createController()
 3 SYSTEMPATH\CodeIgniter.php(355): CodeIgniter\CodeIgniter->handleRequest(null, Object(Config\Cache), false)
 4 SYSTEMPATH\Boot.php(325): CodeIgniter\CodeIgniter->run()
 5 SYSTEMPATH\Boot.php(67): CodeIgniter\Boot::runCodeIgniter(Object(CodeIgniter\CodeIgniter))
 6 FCPATH\index.php(56): CodeIgniter\Boot::bootWeb(Object(Config\Paths))
 7 SYSTEMPATH\Commands\Server\rewrite.php(49): require_once('C:\\xampp\\htdocs\\EconMart\\public\\index.php')
WARNING - 2024-12-25 21:39:37 --> [DEPRECATED] Creation of dynamic property App\Controllers\ControlController::$dbUser is deprecated in APPPATH\Controllers\ControlController.php on line 21.
 1 SYSTEMPATH\CodeIgniter.php(903): App\Controllers\ControlController->__construct()
 2 SYSTEMPATH\CodeIgniter.php(500): CodeIgniter\CodeIgniter->createController()
 3 SYSTEMPATH\CodeIgniter.php(355): CodeIgniter\CodeIgniter->handleRequest(null, Object(Config\Cache), false)
 4 SYSTEMPATH\Boot.php(325): CodeIgniter\CodeIgniter->run()
 5 SYSTEMPATH\Boot.php(67): CodeIgniter\Boot::runCodeIgniter(Object(CodeIgniter\CodeIgniter))
 6 FCPATH\index.php(56): CodeIgniter\Boot::bootWeb(Object(Config\Paths))
 7 SYSTEMPATH\Commands\Server\rewrite.php(49): require_once('C:\\xampp\\htdocs\\EconMart\\public\\index.php')
